<?xml version="1.0" encoding="UTF-8"?>
<!-- Generated by org.testng.reporters.JUnitReportReporter -->
<testsuite hostname="BSCWL751628" name="baseline.HomePage" tests="1" failures="0" timestamp="2 Jul 2014 21:32:23 GMT" time="4.165" errors="0">
  <testcase name="testHomePage" time="4.165" classname="baseline.HomePage"/>
</testsuite> <!-- baseline.HomePage -->
