<?xml version="1.0" encoding="UTF-8"?>
<!-- Generated by org.testng.reporters.JUnitReportReporter -->
<testsuite hostname="BSCWL751628" name="pages.HomePage" tests="1" failures="0" timestamp="2 Jul 2014 21:46:41 GMT" time="4.422" errors="0">
  <testcase name="testHomePage" time="4.422" classname="pages.HomePage"/>
</testsuite> <!-- pages.HomePage -->
